wallpaper log Saturday, 24 May, 2025 12:19:32 AM PST
/home/genes/Downloads/Osaka\ Saturday, 24 May, 2025 12:19:32 AM PST
wallpaper log Saturday, 24 May, 2025 12:21:02 AM PST
/home/genes/Downloads/a74ab1d6-defa-49b7-80bc-bb66f78b1268.jpeg Saturday, 24 May, 2025 12:21:02 AM PST
wallpaper log Saturday, 24 May, 2025 12:23:24 AM PST
/home/genes/.config/i3/wallpapers/flowers.jpg Saturday, 24 May, 2025 12:23:24 AM PST
wallpaper log Saturday, 24 May, 2025 12:23:27 AM PST
/home/genes/.config/i3/wallpapers/flowers.jpg Saturday, 24 May, 2025 12:23:27 AM PST
wallpaper log Saturday, 24 May, 2025 12:23:40 AM PST
/home/genes/.config/i3/wallpapers/flowers_bridge.jpg Saturday, 24 May, 2025 12:23:40 AM PST
wallpaper log Saturday, 24 May, 2025 12:23:47 AM PST
/home/genes/.config/i3/wallpapers/flowers.jpg Saturday, 24 May, 2025 12:23:47 AM PST
wallpaper log Saturday, 24 May, 2025 12:23:48 AM PST
/home/genes/.config/i3/wallpapers/flowers_bridge.jpg Saturday, 24 May, 2025 12:23:48 AM PST
wallpaper log Saturday, 24 May, 2025 12:25:34 AM PST
/home/genes/.config/i3/wallpapers/flowers_bridge.jpg Saturday, 24 May, 2025 12:25:34 AM PST
wallpaper log Saturday, 24 May, 2025 12:25:36 AM PST
/home/genes/.config/i3/wallpapers/flowers_bridge.jpg Saturday, 24 May, 2025 12:25:36 AM PST
wallpaper log Saturday, 24 May, 2025 12:25:38 AM PST
/home/genes/.config/i3/wallpapers/flowers_bridge.jpg Saturday, 24 May, 2025 12:25:38 AM PST
wallpaper log Saturday, 24 May, 2025 12:25:41 AM PST
/home/genes/.config/i3/wallpapers/flowers_bridge.jpg Saturday, 24 May, 2025 12:25:41 AM PST
wallpaper log Saturday, 24 May, 2025 12:25:44 AM PST
/home/genes/.config/i3/wallpapers/flowers.jpg Saturday, 24 May, 2025 12:25:44 AM PST
